Started GET "/pools?numPools=3&numTeams=12&numRounds=3" for 127.0.0.1 at 2017-09-27 21:39:16 -0500
Processing by PoolsController#index as HTML
  Parameters: {"numPools"=>"3", "numTeams"=>"12", "numRounds"=>"3"}
Completed 500 Internal Server Error in 126ms


  
NameError (uninitialized constant PoolsController::Todo):
  
app/controllers/pools_controller.rb:4:in `index'
Started GET "/pools?numPools=3&numTeams=12&numRounds=3" for 127.0.0.1 at 2017-09-27 21:41:37 -0500
Processing by PoolsController#index as HTML
  Parameters: {"numPools"=>"3", "numTeams"=>"12", "numRounds"=>"3"}
Completed 500 Internal Server Error in 2ms


  
NoMethodError (undefined method `each' for "3":String):
  
app/controllers/pools_controller.rb:5:in `index'
Started GET "/pools?numPools=3&numTeams=12&numRounds=3" for 127.0.0.1 at 2017-09-27 21:42:00 -0500
Processing by PoolsController#index as HTML
  Parameters: {"numPools"=>"3", "numTeams"=>"12", "numRounds"=>"3"}
Completed 500 Internal Server Error in 0ms


  
ArgumentError (bad value for range):
  
app/controllers/pools_controller.rb:5:in `index'
Started GET "/pools?numPools=3&numTeams=12&numRounds=3" for 127.0.0.1 at 2017-09-27 21:42:27 -0500
Processing by PoolsController#index as HTML
  Parameters: {"numPools"=>"3", "numTeams"=>"12", "numRounds"=>"3"}
Completed 500 Internal Server Error in 0ms


  
TypeError (no implicit conversion of Integer into String):
  
app/controllers/pools_controller.rb:6:in `+'
app/controllers/pools_controller.rb:6:in `block in index'
app/controllers/pools_controller.rb:5:in `index'
Started GET "/pools?numPools=3&numTeams=12&numRounds=3" for 127.0.0.1 at 2017-09-27 21:42:43 -0500
Processing by PoolsController#index as HTML
  Parameters: {"numPools"=>"3", "numTeams"=>"12", "numRounds"=>"3"}
Completed 200 OK in 1ms (Views: 0.3ms)


Started GET "/pools?numPools=3&numTeams=12&numRounds=3" for 127.0.0.1 at 2017-09-27 21:43:15 -0500
Processing by PoolsController#index as HTML
  Parameters: {"numPools"=>"3", "numTeams"=>"12", "numRounds"=>"3"}
Completed 200 OK in 1ms (Views: 0.3ms)


Started GET "/pools?numPools=3&numTeams=12&numRounds=3" for 127.0.0.1 at 2017-09-27 21:45:43 -0500
Processing by PoolsController#index as HTML
  Parameters: {"numPools"=>"3", "numTeams"=>"12", "numRounds"=>"3"}
Completed 200 OK in 1ms (Views: 0.2ms)


Started GET "/pools?numPools=3&numTeams=12&numRounds=3" for 127.0.0.1 at 2017-09-27 21:52:37 -0500
Processing by PoolsController#index as HTML
  Parameters: {"numPools"=>"3", "numTeams"=>"12", "numRounds"=>"3"}
Completed 500 Internal Server Error in 2ms


  
NoMethodError (undefined method `teams' for {:id=>1, :name=>"Pool1", :teams=>[]}:Hash):
  
app/controllers/pools_controller.rb:21:in `block in index'
app/controllers/pools_controller.rb:13:in `index'
Started GET "/pools?numPools=3&numTeams=12&numRounds=3" for 127.0.0.1 at 2017-09-27 21:55:58 -0500
Processing by PoolsController#index as HTML
  Parameters: {"numPools"=>"3", "numTeams"=>"12", "numRounds"=>"3"}
Completed 500 Internal Server Error in 2ms


  
NoMethodError (undefined method `teams' for {:id=>1, :name=>"Pool1", :teams=>[]}:Hash):
  
app/controllers/pools_controller.rb:21:in `block in index'
app/controllers/pools_controller.rb:13:in `index'
Started GET "/pools?numPools=3&numTeams=12&numRounds=3" for 127.0.0.1 at 2017-09-27 21:56:09 -0500
Processing by PoolsController#index as HTML
  Parameters: {"numPools"=>"3", "numTeams"=>"12", "numRounds"=>"3"}
Completed 500 Internal Server Error in 2ms


  
NoMethodError (undefined method `teams' for {:id=>1, :name=>"Pool1", :teams=>[]}:Hash):
  
app/controllers/pools_controller.rb:21:in `block in index'
app/controllers/pools_controller.rb:13:in `index'
Started GET "/pools?numPools=3&numTeams=12&numRounds=3" for 127.0.0.1 at 2017-09-27 21:57:05 -0500
Processing by PoolsController#index as HTML
  Parameters: {"numPools"=>"3", "numTeams"=>"12", "numRounds"=>"3"}
Completed 500 Internal Server Error in 1ms


  
NoMethodError (undefined method `push' for nil:NilClass):
  
app/controllers/pools_controller.rb:21:in `block in index'
app/controllers/pools_controller.rb:13:in `index'
Started GET "/pools?numPools=3&numTeams=12&numRounds=3" for 127.0.0.1 at 2017-09-27 21:57:17 -0500
Processing by PoolsController#index as HTML
  Parameters: {"numPools"=>"3", "numTeams"=>"12", "numRounds"=>"3"}
Completed 500 Internal Server Error in 78ms


  
NameError (undefined local variable or method `teams' for #<PoolsController:0x00007fa77fd6b9c8>
Did you mean?  team):
  
app/controllers/pools_controller.rb:21:in `block in index'
app/controllers/pools_controller.rb:13:in `index'
Started GET "/pools?numPools=3&numTeams=12&numRounds=3" for 127.0.0.1 at 2017-09-27 21:57:47 -0500
Processing by PoolsController#index as HTML
  Parameters: {"numPools"=>"3", "numTeams"=>"12", "numRounds"=>"3"}
Completed 200 OK in 1ms (Views: 0.3ms)


Started GET "/pools?numPools=3&numTeams=12&numRounds=3" for 127.0.0.1 at 2017-09-27 21:58:02 -0500
Processing by PoolsController#index as HTML
  Parameters: {"numPools"=>"3", "numTeams"=>"12", "numRounds"=>"3"}
Completed 500 Internal Server Error in 2ms


  
NoMethodError (undefined method `name' for {:id=>1, :name=>"Pool1", :teams=>[]}:Hash):
  
app/controllers/pools_controller.rb:20:in `block in index'
app/controllers/pools_controller.rb:13:in `index'
Started GET "/pools?numPools=3&numTeams=12&numRounds=3" for 127.0.0.1 at 2017-09-27 21:58:12 -0500
Processing by PoolsController#index as HTML
  Parameters: {"numPools"=>"3", "numTeams"=>"12", "numRounds"=>"3"}
Completed 200 OK in 1ms (Views: 0.2ms)


Started GET "/pools?numPools=3&numTeams=12&numRounds=3" for 127.0.0.1 at 2017-09-27 21:58:22 -0500
Processing by PoolsController#index as HTML
  Parameters: {"numPools"=>"3", "numTeams"=>"12", "numRounds"=>"3"}
Completed 200 OK in 0ms (Views: 0.2ms)


Started GET "/pools?12" for 127.0.0.1 at 2017-09-27 22:02:11 -0500
Processing by PoolsController#index as HTML
  Parameters: {"12"=>nil}
Completed 200 OK in 0ms (Views: 0.1ms)


Started GET "/pools?numPools=3&numTeams=12&numRounds=3" for 127.0.0.1 at 2017-09-27 22:02:14 -0500
Processing by PoolsController#index as HTML
  Parameters: {"numPools"=>"3", "numTeams"=>"12", "numRounds"=>"3"}
Completed 200 OK in 1ms (Views: 0.4ms)


Started GET "/pools?numPools=3&numTeams=12&numRounds=3" for 127.0.0.1 at 2017-09-27 22:10:15 -0500
Processing by PoolsController#index as HTML
  Parameters: {"numPools"=>"3", "numTeams"=>"12", "numRounds"=>"3"}
Completed 500 Internal Server Error in 2ms


  
NoMethodError (undefined method `teams' for {:id=>1, :name=>"Pool1", :teams=>[]}:Hash):
  
app/controllers/pools_controller.rb:21:in `block in index'
app/controllers/pools_controller.rb:13:in `index'
Started GET "/pools?numPools=3&numTeams=12&numRounds=3" for 127.0.0.1 at 2017-09-27 22:11:19 -0500
  
SyntaxError (/Users/pjcavanaugh/Documents/playground/sportsengine/api/app/controllers/pools_controller.rb:21: syntax error, unexpected '[', expecting '('
      pools[poolID].[teams].push(team)
                     ^):
  
app/controllers/pools_controller.rb:21: syntax error, unexpected '[', expecting '('
Started GET "/pools?numPools=3&numTeams=12&numRounds=3" for 127.0.0.1 at 2017-09-27 22:11:37 -0500
  
SyntaxError (/Users/pjcavanaugh/Documents/playground/sportsengine/api/app/controllers/pools_controller.rb:10: syntax error, unexpected ':', expecting =>
me: "Pool"+(i+1).to_s, :teams: []})
                              ^
/Users/pjcavanaugh/Documents/playground/sportsengine/api/app/controllers/pools_controller.rb:21: syntax error, unexpected '[', expecting '('
      pools[poolID].[:teams].push(team)
                     ^
/Users/pjcavanaugh/Documents/playground/sportsengine/api/app/controllers/pools_controller.rb:26: syntax error, unexpected end-of-input, expecting keyword_end):
  
app/controllers/pools_controller.rb:10: syntax error, unexpected ':', expecting =>
app/controllers/pools_controller.rb:21: syntax error, unexpected '[', expecting '('
app/controllers/pools_controller.rb:26: syntax error, unexpected end-of-input, expecting keyword_end
Started GET "/pools?numPools=3&numTeams=12&numRounds=3" for 127.0.0.1 at 2017-09-27 22:12:08 -0500
Processing by PoolsController#index as HTML
  Parameters: {"numPools"=>"3", "numTeams"=>"12", "numRounds"=>"3"}
Completed 500 Internal Server Error in 3ms


  
NoMethodError (undefined method `teams' for {:id=>1, :name=>"Pool1", :teams=>[]}:Hash):
  
app/controllers/pools_controller.rb:21:in `block in index'
app/controllers/pools_controller.rb:13:in `index'
Started GET "/pools?numPools=3&numTeams=12&numRounds=3" for 127.0.0.1 at 2017-09-27 22:17:49 -0500
Processing by PoolsController#index as HTML
  Parameters: {"numPools"=>"3", "numTeams"=>"12", "numRounds"=>"3"}
Completed 200 OK in 1ms (Views: 0.6ms)


Started GET "/pools?numPools=4&numTeams=14&numRounds=3" for 127.0.0.1 at 2017-09-27 22:18:13 -0500
Processing by PoolsController#index as HTML
  Parameters: {"numPools"=>"4", "numTeams"=>"14", "numRounds"=>"3"}
Completed 200 OK in 1ms (Views: 0.9ms)


Started GET "/pools?numPools=4&numTeams=14&numRounds=3&snake=true" for 127.0.0.1 at 2017-09-27 22:18:28 -0500
Processing by PoolsController#index as HTML
  Parameters: {"numPools"=>"4", "numTeams"=>"14", "numRounds"=>"3", "snake"=>"true"}
Completed 200 OK in 1ms (Views: 0.9ms)


Started GET "/pools?numPools=4&numTeams=14&numRounds=3&snake=true" for 127.0.0.1 at 2017-09-27 22:19:44 -0500
Processing by PoolsController#index as HTML
  Parameters: {"numPools"=>"4", "numTeams"=>"14", "numRounds"=>"3", "snake"=>"true"}
Completed 200 OK in 1ms (Views: 0.7ms)


Started GET "/pools?numPools=4&numTeams=14&numRounds=3&snake=true" for 127.0.0.1 at 2017-09-27 22:24:31 -0500
Processing by PoolsController#index as HTML
  Parameters: {"numPools"=>"4", "numTeams"=>"14", "numRounds"=>"3", "snake"=>"true"}
Completed 500 Internal Server Error in 2ms


  
NoMethodError (undefined method `alph' for 1:Integer):
  
app/controllers/pools_controller.rb:12:in `block in index'
app/controllers/pools_controller.rb:11:in `index'
Started GET "/pools?numPools=4&numTeams=14&numRounds=3&snake=true" for 127.0.0.1 at 2017-09-27 22:25:21 -0500
Processing by PoolsController#index as HTML
  Parameters: {"numPools"=>"4", "numTeams"=>"14", "numRounds"=>"3", "snake"=>"true"}
Completed 200 OK in 1ms (Views: 0.6ms)


Started GET "/pools?numPools=4&numTeams=14&numRounds=3&snake=true" for 127.0.0.1 at 2017-09-27 22:28:16 -0500
Processing by PoolsController#index as HTML
  Parameters: {"numPools"=>"4", "numTeams"=>"14", "numRounds"=>"3", "snake"=>"true"}
Completed 200 OK in 90ms (Views: 0.5ms)


Started GET "/pools?numPools=4&numTeams=14&numRounds=3&snake=true" for 127.0.0.1 at 2017-09-27 22:28:48 -0500
Processing by PoolsController#index as HTML
  Parameters: {"numPools"=>"4", "numTeams"=>"14", "numRounds"=>"3", "snake"=>"true"}
Completed 200 OK in 1ms (Views: 0.5ms)


Started GET "/pools?numPools=4&numTeams=14&numRounds=3&snake=true" for 127.0.0.1 at 2017-09-27 22:29:05 -0500
Processing by PoolsController#index as HTML
  Parameters: {"numPools"=>"4", "numTeams"=>"14", "numRounds"=>"3", "snake"=>"true"}
Completed 200 OK in 1ms (Views: 0.5ms)


Started GET "/pools?numPools=4&numTeams=14&numRounds=3&snake=true" for 127.0.0.1 at 2017-09-27 22:29:14 -0500
Processing by PoolsController#index as HTML
  Parameters: {"numPools"=>"4", "numTeams"=>"14", "numRounds"=>"3", "snake"=>"true"}
Completed 200 OK in 1ms (Views: 0.6ms)


Started GET "/pools?numPools=4&numTeams=14&numRounds=3&snake=true" for 127.0.0.1 at 2017-09-27 22:29:55 -0500
Processing by PoolsController#index as HTML
  Parameters: {"numPools"=>"4", "numTeams"=>"14", "numRounds"=>"3", "snake"=>"true"}
Completed 200 OK in 1ms (Views: 0.5ms)


Started GET "/pools?numPools=4&numTeams=14&numRounds=3&snake=true" for 127.0.0.1 at 2017-09-27 22:30:25 -0500
Processing by PoolsController#index as HTML
  Parameters: {"numPools"=>"4", "numTeams"=>"14", "numRounds"=>"3", "snake"=>"true"}
Completed 200 OK in 1ms (Views: 0.5ms)


Started GET "/pools?numPools=4&numTeams=14&numRounds=3&snake=true" for 127.0.0.1 at 2017-09-27 22:30:34 -0500
Processing by PoolsController#index as HTML
  Parameters: {"numPools"=>"4", "numTeams"=>"14", "numRounds"=>"3", "snake"=>"true"}
Completed 200 OK in 1ms (Views: 1.0ms)


Started GET "/pools?numPools=4&numTeams=14&numRounds=3&snake=true" for 127.0.0.1 at 2017-09-27 22:30:37 -0500
Processing by PoolsController#index as HTML
  Parameters: {"numPools"=>"4", "numTeams"=>"14", "numRounds"=>"3", "snake"=>"true"}
Completed 200 OK in 1ms (Views: 0.4ms)


Started GET "/pools?numPools=4&numTeams=14&numRounds=3&snake=true" for 127.0.0.1 at 2017-09-27 22:30:54 -0500
Processing by PoolsController#index as HTML
  Parameters: {"numPools"=>"4", "numTeams"=>"14", "numRounds"=>"3", "snake"=>"true"}
Completed 200 OK in 1ms (Views: 0.8ms)


Started GET "/pools?numPools=4&numTeams=14&numRounds=3&snake=true" for 127.0.0.1 at 2017-09-27 22:31:36 -0500
Processing by PoolsController#index as HTML
  Parameters: {"numPools"=>"4", "numTeams"=>"14", "numRounds"=>"3", "snake"=>"true"}
Completed 500 Internal Server Error in 2ms


  
NoMethodError (undefined method `to_s26' for 1:Integer
Did you mean?  to_s):
  
app/controllers/pools_controller.rb:12:in `block in index'
app/controllers/pools_controller.rb:11:in `index'
Started GET "/pools?numPools=4&numTeams=14&numRounds=3&snake=true" for 127.0.0.1 at 2017-09-27 22:31:46 -0500
Processing by PoolsController#index as HTML
  Parameters: {"numPools"=>"4", "numTeams"=>"14", "numRounds"=>"3", "snake"=>"true"}
Completed 200 OK in 96ms (Views: 0.5ms)


Started GET "/pools?numPools=4&numTeams=14&numRounds=3&snake=true" for 127.0.0.1 at 2017-09-27 22:32:10 -0500
Processing by PoolsController#index as HTML
  Parameters: {"numPools"=>"4", "numTeams"=>"14", "numRounds"=>"3", "snake"=>"true"}
Completed 200 OK in 1ms (Views: 0.5ms)


Started GET "/pools?numPools=4&numTeams=14&numRounds=3&snake=true" for 127.0.0.1 at 2017-09-27 22:32:15 -0500
Processing by PoolsController#index as HTML
  Parameters: {"numPools"=>"4", "numTeams"=>"14", "numRounds"=>"3", "snake"=>"true"}
Completed 200 OK in 90ms (Views: 0.5ms)


Started GET "/pools?numPools=4&numTeams=14&numRounds=3&snake=true" for 127.0.0.1 at 2017-09-27 22:38:09 -0500
Processing by PoolsController#index as HTML
  Parameters: {"numPools"=>"4", "numTeams"=>"14", "numRounds"=>"3", "snake"=>"true"}
Completed 200 OK in 1ms (Views: 1.0ms)


Started GET "/pools?numPools=4&numTeams=14&numRounds=3&snake=true" for 127.0.0.1 at 2017-09-27 22:42:13 -0500
Processing by PoolsController#index as HTML
  Parameters: {"numPools"=>"4", "numTeams"=>"14", "numRounds"=>"3", "snake"=>"true"}
Completed 200 OK in 2ms (Views: 1.7ms)


Started GET "/pools?numPools=4&numTeams=14&numRounds=3&snake=true" for 127.0.0.1 at 2017-09-27 22:43:12 -0500
Processing by PoolsController#index as HTML
  Parameters: {"numPools"=>"4", "numTeams"=>"14", "numRounds"=>"3", "snake"=>"true"}
Completed 200 OK in 2ms (Views: 1.3ms)


Started GET "/pools?numPools=4&numTeams=14&numRounds=3&snake=true" for 127.0.0.1 at 2017-09-27 22:54:41 -0500
Processing by PoolsController#index as HTML
  Parameters: {"numPools"=>"4", "numTeams"=>"14", "numRounds"=>"3", "snake"=>"true"}
Completed 200 OK in 2ms (Views: 1.2ms)


Started GET "/pools?numPools=4&numTeams=14&numRounds=3&snake=true" for 127.0.0.1 at 2017-09-27 22:57:38 -0500
Processing by PoolsController#index as HTML
  Parameters: {"numPools"=>"4", "numTeams"=>"14", "numRounds"=>"3", "snake"=>"true"}
Completed 200 OK in 4ms (Views: 3.9ms)


Started GET "/pools?numPools=4&numTeams=14&numRounds=3&snake=true" for 127.0.0.1 at 2017-09-27 22:58:49 -0500
Processing by PoolsController#index as HTML
  Parameters: {"numPools"=>"4", "numTeams"=>"14", "numRounds"=>"3", "snake"=>"true"}
Completed 500 Internal Server Error in 2ms


  
NoMethodError (undefined method `odd' for 3:Integer
Did you mean?  odd?
               ord):
  
app/controllers/pools_controller.rb:38:in `getGames'
app/controllers/pools_controller.rb:30:in `block in index'
app/controllers/pools_controller.rb:29:in `each'
app/controllers/pools_controller.rb:29:in `index'
Started GET "/pools?numPools=4&numTeams=14&numRounds=3&snake=true" for 127.0.0.1 at 2017-09-27 22:59:00 -0500
Processing by PoolsController#index as HTML
  Parameters: {"numPools"=>"4", "numTeams"=>"14", "numRounds"=>"3", "snake"=>"true"}
Completed 200 OK in 3ms (Views: 2.7ms)


Started GET "/pools?numPools=4&numTeams=14&numRounds=3&snake=true" for 127.0.0.1 at 2017-09-27 23:00:19 -0500
Processing by PoolsController#index as HTML
  Parameters: {"numPools"=>"4", "numTeams"=>"14", "numRounds"=>"3", "snake"=>"true"}
Completed 200 OK in 4ms (Views: 3.4ms)


Started GET "/pools?numPools=4&numTeams=14&numRounds=3&snake=true" for 127.0.0.1 at 2017-09-27 23:02:59 -0500
Processing by PoolsController#index as HTML
  Parameters: {"numPools"=>"4", "numTeams"=>"14", "numRounds"=>"3", "snake"=>"true"}
Completed 500 Internal Server Error in 86ms


  
NameError (undefined local variable or method `pivot' for #<PoolsController:0x00007fd7440cb610>):
  
app/controllers/pools_controller.rb:41:in `block (2 levels) in getGames'
app/controllers/pools_controller.rb:40:in `block in getGames'
app/controllers/pools_controller.rb:39:in `getGames'
app/controllers/pools_controller.rb:30:in `block in index'
app/controllers/pools_controller.rb:29:in `each'
app/controllers/pools_controller.rb:29:in `index'
Started GET "/pools?numPools=4&numTeams=14&numRounds=3&snake=true" for 127.0.0.1 at 2017-09-27 23:03:12 -0500
Processing by PoolsController#index as HTML
  Parameters: {"numPools"=>"4", "numTeams"=>"14", "numRounds"=>"3", "snake"=>"true"}
Completed 200 OK in 5ms (Views: 4.6ms)


Started GET "/pools?numPools=4&numTeams=14&numRounds=3&snake=true" for 127.0.0.1 at 2017-09-27 23:03:36 -0500
Processing by PoolsController#index as HTML
  Parameters: {"numPools"=>"4", "numTeams"=>"14", "numRounds"=>"3", "snake"=>"true"}
Completed 200 OK in 2ms (Views: 1.8ms)


Started GET "/pools?numPools=4&numTeams=14&numRounds=3&snake=true" for 127.0.0.1 at 2017-09-27 23:03:53 -0500
Processing by PoolsController#index as HTML
  Parameters: {"numPools"=>"4", "numTeams"=>"14", "numRounds"=>"3", "snake"=>"true"}
Completed 200 OK in 4ms (Views: 3.5ms)


Started GET "/pools?numPools=4&numTeams=14&numRounds=3&snake=true" for 127.0.0.1 at 2017-09-27 23:07:10 -0500
Processing by PoolsController#index as HTML
  Parameters: {"numPools"=>"4", "numTeams"=>"14", "numRounds"=>"3", "snake"=>"true"}
Completed 500 Internal Server Error in 78ms


  
NameError (undefined local variable or method `numRound' for #<PoolsController:0x00007fd7434bea70>
Did you mean?  numRounds):
  
app/controllers/pools_controller.rb:30:in `block in index'
app/controllers/pools_controller.rb:29:in `each'
app/controllers/pools_controller.rb:29:in `index'
Started GET "/pools?numPools=4&numTeams=14&numRounds=3&snake=true" for 127.0.0.1 at 2017-09-27 23:07:17 -0500
Processing by PoolsController#index as HTML
  Parameters: {"numPools"=>"4", "numTeams"=>"14", "numRounds"=>"3", "snake"=>"true"}
Completed 200 OK in 2ms (Views: 1.9ms)


Started GET "/pools?numPools=4&numTeams=14&numRounds=3&snake=true" for 127.0.0.1 at 2017-09-27 23:08:30 -0500
Processing by PoolsController#index as HTML
  Parameters: {"numPools"=>"4", "numTeams"=>"14", "numRounds"=>"3", "snake"=>"true"}
Completed 200 OK in 4ms (Views: 3.3ms)


Started GET "/pools?numPools=4&numTeams=14&numRounds=3&snake=true" for 127.0.0.1 at 2017-09-27 23:10:16 -0500
Processing by PoolsController#index as HTML
  Parameters: {"numPools"=>"4", "numTeams"=>"14", "numRounds"=>"3", "snake"=>"true"}
Completed 200 OK in 6ms (Views: 5.6ms)


Started GET "/pools?numPools=4&numTeams=14&numRounds=3&snake=true" for 127.0.0.1 at 2017-09-27 23:10:58 -0500
Processing by PoolsController#index as HTML
  Parameters: {"numPools"=>"4", "numTeams"=>"14", "numRounds"=>"3", "snake"=>"true"}
Completed 200 OK in 7ms (Views: 6.1ms)


Started GET "/pools?numPools=4&numTeams=14&numRounds=3&snake=true" for 127.0.0.1 at 2017-09-27 23:12:07 -0500
Processing by PoolsController#index as HTML
  Parameters: {"numPools"=>"4", "numTeams"=>"14", "numRounds"=>"3", "snake"=>"true"}
Completed 200 OK in 4ms (Views: 3.7ms)


Started GET "/pools?numPools=4&numTeams=14&numRounds=3&snake=true" for 127.0.0.1 at 2017-09-27 23:13:20 -0500
Processing by PoolsController#index as HTML
  Parameters: {"numPools"=>"4", "numTeams"=>"14", "numRounds"=>"3", "snake"=>"true"}
Completed 500 Internal Server Error in 75ms


  
NameError (undefined local variable or method `teams' for #<PoolsController:0x00007fd743da06e8>
Did you mean?  team):
  
app/controllers/pools_controller.rb:33:in `block (2 levels) in index'
app/controllers/pools_controller.rb:31:in `block in index'
app/controllers/pools_controller.rb:29:in `each'
app/controllers/pools_controller.rb:29:in `index'
Started GET "/pools?numPools=4&numTeams=14&numRounds=3&snake=true" for 127.0.0.1 at 2017-09-27 23:13:51 -0500
Processing by PoolsController#index as HTML
  Parameters: {"numPools"=>"4", "numTeams"=>"14", "numRounds"=>"3", "snake"=>"true"}
Completed 500 Internal Server Error in 87ms


  
NameError (undefined local variable or method `roundNum' for #<PoolsController:0x00007fd745153b90>):
  
app/controllers/pools_controller.rb:35:in `block (4 levels) in index'
app/controllers/pools_controller.rb:34:in `block (3 levels) in index'
app/controllers/pools_controller.rb:33:in `block (2 levels) in index'
app/controllers/pools_controller.rb:31:in `block in index'
app/controllers/pools_controller.rb:29:in `each'
app/controllers/pools_controller.rb:29:in `index'
Started GET "/pools?numPools=4&numTeams=14&numRounds=3&snake=true" for 127.0.0.1 at 2017-09-27 23:14:26 -0500
  
SyntaxError (/Users/pjcavanaugh/Documents/playground/sportsengine/api/app/controllers/pools_controller.rb:36: syntax error, unexpected ','
 games.push({ :id => gameID++, :team1 => pool[:teams][i], :t
                              ^
/Users/pjcavanaugh/Documents/playground/sportsengine/api/app/controllers/pools_controller.rb:36: syntax error, unexpected =>, expecting &. or :: or '[' or '.'
 => pool[:teams][i], :team2 => pool[:teams][j] })
                              ^
/Users/pjcavanaugh/Documents/playground/sportsengine/api/app/controllers/pools_controller.rb:36: syntax error, unexpected '}', expecting keyword_end
], :team2 => pool[:teams][j] })
                              ^
/Users/pjcavanaugh/Documents/playground/sportsengine/api/app/controllers/pools_controller.rb:45: syntax error, unexpected end-of-input, expecting keyword_end):
  
app/controllers/pools_controller.rb:36: syntax error, unexpected ','
app/controllers/pools_controller.rb:36: syntax error, unexpected =>, expecting &. or :: or '[' or '.'
app/controllers/pools_controller.rb:36: syntax error, unexpected '}', expecting keyword_end
app/controllers/pools_controller.rb:45: syntax error, unexpected end-of-input, expecting keyword_end
Started GET "/pools?numPools=4&numTeams=14&numRounds=3&snake=true" for 127.0.0.1 at 2017-09-27 23:15:04 -0500
Processing by PoolsController#index as HTML
  Parameters: {"numPools"=>"4", "numTeams"=>"14", "numRounds"=>"3", "snake"=>"true"}
Completed 200 OK in 4ms (Views: 3.4ms)


Started GET "/pools?numPools=4&numTeams=14&numRounds=3&snake=true" for 127.0.0.1 at 2017-09-27 23:15:12 -0500
Processing by PoolsController#index as HTML
  Parameters: {"numPools"=>"4", "numTeams"=>"14", "numRounds"=>"3", "snake"=>"true"}
Completed 200 OK in 5ms (Views: 3.9ms)


Started GET "/pools?numPools=50&numTeams=110&numRounds=3&snake=true" for 127.0.0.1 at 2017-09-27 23:15:32 -0500
Processing by PoolsController#index as HTML
  Parameters: {"numPools"=>"50", "numTeams"=>"110", "numRounds"=>"3", "snake"=>"true"}
Completed 200 OK in 32ms (Views: 29.4ms)


Started GET "/pools?numPools=4&numTeams=14&numRounds=3&snake=true" for 127.0.0.1 at 2017-09-28 07:20:02 -0500
Processing by PoolsController#index as HTML
  Parameters: {"numPools"=>"4", "numTeams"=>"14", "numRounds"=>"3", "snake"=>"true"}
Completed 200 OK in 19ms (Views: 14.3ms)


Started GET "/pools?numPools=4&numTeams=14&numRounds=3&snake=true" for 127.0.0.1 at 2017-09-28 07:23:13 -0500
  
SyntaxError (/Users/pjcavanaugh/Documents/playground/sportsengine/api/app/controllers/pools_controller.rb:40: syntax error, unexpected =>, expecting '}'
ounds].push({ id: i+ :games => games})
                              ^
/Users/pjcavanaugh/Documents/playground/sportsengine/api/app/controllers/pools_controller.rb:46: syntax error, unexpected keyword_end, expecting '}'):
  
app/controllers/pools_controller.rb:40: syntax error, unexpected =>, expecting '}'
app/controllers/pools_controller.rb:46: syntax error, unexpected keyword_end, expecting '}'
Started GET "/pools?numPools=4&numTeams=14&numRounds=3&snake=true" for 127.0.0.1 at 2017-09-28 07:23:27 -0500
  
SyntaxError (/Users/pjcavanaugh/Documents/playground/sportsengine/api/app/controllers/pools_controller.rb:40: syntax error, unexpected ':', expecting '}'
pool[:rounds].push({ id: i+j :games => games})
                              ^
/Users/pjcavanaugh/Documents/playground/sportsengine/api/app/controllers/pools_controller.rb:46: syntax error, unexpected keyword_end, expecting '}'):
  
app/controllers/pools_controller.rb:40: syntax error, unexpected ':', expecting '}'
app/controllers/pools_controller.rb:46: syntax error, unexpected keyword_end, expecting '}'
Started GET "/pools?numPools=4&numTeams=14&numRounds=3&snake=true" for 127.0.0.1 at 2017-09-28 07:23:45 -0500
  
SyntaxError (/Users/pjcavanaugh/Documents/playground/sportsengine/api/app/controllers/pools_controller.rb:40: syntax error, unexpected ':', expecting '}'
l[:rounds].push({ :id => i+j :games => games})
                              ^
/Users/pjcavanaugh/Documents/playground/sportsengine/api/app/controllers/pools_controller.rb:46: syntax error, unexpected keyword_end, expecting '}'):
  
app/controllers/pools_controller.rb:40: syntax error, unexpected ':', expecting '}'
app/controllers/pools_controller.rb:46: syntax error, unexpected keyword_end, expecting '}'
Started GET "/pools?numPools=4&numTeams=14&numRounds=3&snake=true" for 127.0.0.1 at 2017-09-28 07:23:56 -0500
Processing by PoolsController#index as HTML
  Parameters: {"numPools"=>"4", "numTeams"=>"14", "numRounds"=>"3", "snake"=>"true"}
Completed 200 OK in 6ms (Views: 4.8ms)


Started GET "/pools?numPools=4&numTeams=14&numRounds=3&snake=true" for 127.0.0.1 at 2017-09-28 07:24:59 -0500
Processing by PoolsController#index as HTML
  Parameters: {"numPools"=>"4", "numTeams"=>"14", "numRounds"=>"3", "snake"=>"true"}
Completed 200 OK in 5ms (Views: 3.6ms)


Started GET "/pools?numPools=4&numTeams=14&numRounds=3&snake=true" for 127.0.0.1 at 2017-09-28 07:25:50 -0500
Processing by PoolsController#index as HTML
  Parameters: {"numPools"=>"4", "numTeams"=>"14", "numRounds"=>"3", "snake"=>"true"}
Completed 200 OK in 8ms (Views: 7.3ms)


Started GET "/pools?numPools=4&numTeams=14&numRounds=3&snake=true" for 127.0.0.1 at 2017-09-28 07:26:05 -0500
Processing by PoolsController#index as HTML
  Parameters: {"numPools"=>"4", "numTeams"=>"14", "numRounds"=>"3", "snake"=>"true"}
Completed 200 OK in 5ms (Views: 4.1ms)


Started GET "/pools?numPools=4&numTeams=14&numRounds=3&snake=true" for 127.0.0.1 at 2017-09-28 07:26:36 -0500
Processing by PoolsController#index as HTML
  Parameters: {"numPools"=>"4", "numTeams"=>"14", "numRounds"=>"3", "snake"=>"true"}
Completed 200 OK in 4ms (Views: 3.3ms)


Started GET "/pools?numPools=4&numTeams=14&numRounds=3&snake=true" for 127.0.0.1 at 2017-09-28 07:31:22 -0500
Processing by PoolsController#index as HTML
  Parameters: {"numPools"=>"4", "numTeams"=>"14", "numRounds"=>"3", "snake"=>"true"}
Completed 200 OK in 5ms (Views: 4.0ms)


Started GET "/pools?numPools=4&numTeams=14&numRounds=3&snake=true" for 127.0.0.1 at 2017-09-28 07:32:47 -0500
Processing by PoolsController#index as HTML
  Parameters: {"numPools"=>"4", "numTeams"=>"14", "numRounds"=>"3", "snake"=>"true"}
Completed 200 OK in 5ms (Views: 4.8ms)


Started GET "/pools?numPools=4&numTeams=14&numRounds=3&snake=true" for 127.0.0.1 at 2017-09-28 16:36:49 -0500
Processing by PoolsController#index as HTML
  Parameters: {"numPools"=>"4", "numTeams"=>"14", "numRounds"=>"3", "snake"=>"true"}
Completed 200 OK in 20ms (Views: 14.6ms)


Started GET "/pools?numPools=4&numTeams=14&numRounds=3&snake=true" for 127.0.0.1 at 2017-09-28 16:38:36 -0500
Processing by PoolsController#index as HTML
  Parameters: {"numPools"=>"4", "numTeams"=>"14", "numRounds"=>"3", "snake"=>"true"}
Completed 200 OK in 54ms (Views: 51.5ms)


Started GET "/pools?numPools=4&numTeams=14&numRounds=3&snake=true" for 127.0.0.1 at 2017-09-28 16:38:56 -0500
Processing by PoolsController#index as HTML
  Parameters: {"numPools"=>"4", "numTeams"=>"14", "numRounds"=>"3", "snake"=>"true"}
Completed 200 OK in 25ms (Views: 22.3ms)


Started GET "/pools?numPools=4&numTeams=14&numRounds=3&snake=true" for 127.0.0.1 at 2017-09-28 16:44:17 -0500
Processing by PoolsController#index as HTML
  Parameters: {"numPools"=>"4", "numTeams"=>"14", "numRounds"=>"3", "snake"=>"true"}
Completed 200 OK in 247ms (Views: 8.8ms)


Started GET "/pools?numPools=4&numTeams=14&numRounds=3&snake=true" for 127.0.0.1 at 2017-09-28 16:45:51 -0500
Processing by PoolsController#index as HTML
  Parameters: {"numPools"=>"4", "numTeams"=>"14", "numRounds"=>"3", "snake"=>"true"}
Completed 200 OK in 36ms (Views: 34.1ms)


Started GET "/pools?numPools=4&numTeams=14&numRounds=3&snake=true" for 127.0.0.1 at 2017-09-28 16:46:14 -0500
Processing by PoolsController#index as HTML
  Parameters: {"numPools"=>"4", "numTeams"=>"14", "numRounds"=>"3", "snake"=>"true"}
Completed 200 OK in 16ms (Views: 14.8ms)


Started GET "/pools?numPools=4&numTeams=14&numRounds=3&snake=true" for 127.0.0.1 at 2017-09-28 16:46:35 -0500
Processing by PoolsController#index as HTML
  Parameters: {"numPools"=>"4", "numTeams"=>"14", "numRounds"=>"3", "snake"=>"true"}
Completed 200 OK in 15ms (Views: 12.9ms)


Started GET "/pools?numPools=4&numTeams=14&numRounds=3&snake=true" for 127.0.0.1 at 2017-09-28 16:46:51 -0500
Processing by PoolsController#index as HTML
  Parameters: {"numPools"=>"4", "numTeams"=>"14", "numRounds"=>"3", "snake"=>"true"}
Completed 200 OK in 20ms (Views: 19.1ms)


Started GET "/pools?numPools=4&numTeams=14&numRounds=3&snake=true" for 127.0.0.1 at 2017-09-28 16:59:11 -0500
Processing by PoolsController#index as HTML
  Parameters: {"numPools"=>"4", "numTeams"=>"14", "numRounds"=>"3", "snake"=>"true"}
Completed 200 OK in 17ms (Views: 13.6ms)


Started GET "/pools?numPools=4&numTeams=14&numRound=3&snake=true" for 127.0.0.1 at 2017-09-28 17:00:00 -0500
Processing by PoolsController#index as HTML
  Parameters: {"numPools"=>"4", "numTeams"=>"14", "numRound"=>"3", "snake"=>"true"}
Completed 200 OK in 2ms (Views: 1.3ms)


Started GET "/pools?numPools=4&numTeams=14&numRounds=3&snake=true" for 127.0.0.1 at 2017-09-28 17:01:27 -0500
Processing by PoolsController#index as HTML
  Parameters: {"numPools"=>"4", "numTeams"=>"14", "numRounds"=>"3", "snake"=>"true"}
Completed 200 OK in 10ms (Views: 8.2ms)


Started GET "/pools?numPools=4&numTeams=14&numRounds=3&snake=true" for 127.0.0.1 at 2017-09-28 17:28:08 -0500
Processing by PoolsController#index as HTML
  Parameters: {"numPools"=>"4", "numTeams"=>"14", "numRounds"=>"3", "snake"=>"true"}
Completed 200 OK in 26ms (Views: 26.0ms)


Started GET "/pools?numPools=5&numTeams=14&numRounds=3&snake=true" for 127.0.0.1 at 2017-09-28 17:28:15 -0500
Processing by PoolsController#index as HTML
  Parameters: {"numPools"=>"5", "numTeams"=>"14", "numRounds"=>"3", "snake"=>"true"}
Completed 200 OK in 4ms (Views: 3.8ms)


Started GET "/pools?numPools=4&numTeams=14&numRounds=3&snake=true" for 127.0.0.1 at 2017-09-28 17:45:27 -0500
Processing by PoolsController#index as HTML
  Parameters: {"numPools"=>"4", "numTeams"=>"14", "numRounds"=>"3", "snake"=>"true"}
Completed 200 OK in 7ms (Views: 6.3ms)


Started GET "/pools?numPools=4&numTeams=14&numRounds=3&snake=true" for 127.0.0.1 at 2017-09-28 19:19:20 -0500
Processing by PoolsController#index as HTML
  Parameters: {"numPools"=>"4", "numTeams"=>"14", "numRounds"=>"3", "snake"=>"true"}
Completed 200 OK in 15ms (Views: 11.1ms)


Started GET "/pools?numPools=4&numTeams=14&numRounds=3&snake=true" for 127.0.0.1 at 2017-09-28 19:19:21 -0500
Processing by PoolsController#index as HTML
  Parameters: {"numPools"=>"4", "numTeams"=>"14", "numRounds"=>"3", "snake"=>"true"}
Completed 200 OK in 29ms (Views: 28.4ms)


Started GET "/pools?numPools=4&numTeams=14&numRounds=3&snake=true" for 127.0.0.1 at 2017-09-28 19:19:21 -0500
Processing by PoolsController#index as HTML
  Parameters: {"numPools"=>"4", "numTeams"=>"14", "numRounds"=>"3", "snake"=>"true"}
Completed 200 OK in 5ms (Views: 4.4ms)


Started GET "/pools?numPools=4&numTeams=14&numRounds=3&snake=true" for 127.0.0.1 at 2017-09-28 19:19:21 -0500
Processing by PoolsController#index as HTML
  Parameters: {"numPools"=>"4", "numTeams"=>"14", "numRounds"=>"3", "snake"=>"true"}
Completed 200 OK in 6ms (Views: 5.2ms)


Started GET "/pools?numPools=4&numTeams=14&numRounds=3&snake=true" for 127.0.0.1 at 2017-09-28 19:23:05 -0500
Processing by PoolsController#index as HTML
  Parameters: {"numPools"=>"4", "numTeams"=>"14", "numRounds"=>"3", "snake"=>"true"}
Completed 200 OK in 4ms (Views: 4.1ms)


Started GET "/pools?numPools=4&numTeams=14&numRounds=3&snake=true" for 127.0.0.1 at 2017-09-28 20:29:52 -0500
Processing by PoolsController#index as HTML
  Parameters: {"numPools"=>"4", "numTeams"=>"14", "numRounds"=>"3", "snake"=>"true"}
Completed 200 OK in 13ms (Views: 9.9ms)


Started GET "/pools?numPools=4&numTeams=14&numRounds=3&snake=true" for 127.0.0.1 at 2017-09-28 20:31:33 -0500
Processing by PoolsController#index as HTML
  Parameters: {"numPools"=>"4", "numTeams"=>"14", "numRounds"=>"3", "snake"=>"true"}
Completed 200 OK in 22ms (Views: 21.0ms)


Started GET "/pools?numPools=4&numTeams=14&numRounds=3&snake=true" for 127.0.0.1 at 2017-09-28 20:31:34 -0500
Processing by PoolsController#index as HTML
  Parameters: {"numPools"=>"4", "numTeams"=>"14", "numRounds"=>"3", "snake"=>"true"}
Completed 200 OK in 6ms (Views: 4.8ms)


Started GET "/pools?numPools=4&numTeams=14&numRounds=3&snake=true" for 127.0.0.1 at 2017-09-28 20:31:36 -0500
Processing by PoolsController#index as HTML
  Parameters: {"numPools"=>"4", "numTeams"=>"14", "numRounds"=>"3", "snake"=>"true"}
Completed 200 OK in 5ms (Views: 4.8ms)


Started GET "/pools?numPools=4&numTeams=14&numRounds=3&snake=true" for 127.0.0.1 at 2017-09-28 20:31:36 -0500
Processing by PoolsController#index as HTML
  Parameters: {"numPools"=>"4", "numTeams"=>"14", "numRounds"=>"3", "snake"=>"true"}
Completed 200 OK in 5ms (Views: 4.9ms)


Started GET "/pools?numPools=4&numTeams=14&numRounds=3&snake=true" for 127.0.0.1 at 2017-09-28 20:31:36 -0500
Processing by PoolsController#index as HTML
  Parameters: {"numPools"=>"4", "numTeams"=>"14", "numRounds"=>"3", "snake"=>"true"}
Completed 200 OK in 6ms (Views: 5.5ms)


Started GET "/pools?numPools=4&numTeams=14&numRounds=3&snake=true" for 127.0.0.1 at 2017-09-28 20:31:37 -0500
Processing by PoolsController#index as HTML
  Parameters: {"numPools"=>"4", "numTeams"=>"14", "numRounds"=>"3", "snake"=>"true"}
Completed 200 OK in 7ms (Views: 4.5ms)


Started GET "/pools?numPools=4&numTeams=14&numRounds=3&snake=true" for 127.0.0.1 at 2017-09-28 20:31:37 -0500
Processing by PoolsController#index as HTML
  Parameters: {"numPools"=>"4", "numTeams"=>"14", "numRounds"=>"3", "snake"=>"true"}
Completed 200 OK in 5ms (Views: 3.2ms)


Started GET "/pools?numPools=4&numTeams=14&numRounds=3&snake=true" for 127.0.0.1 at 2017-09-28 20:31:37 -0500
Processing by PoolsController#index as HTML
  Parameters: {"numPools"=>"4", "numTeams"=>"14", "numRounds"=>"3", "snake"=>"true"}
Completed 200 OK in 4ms (Views: 3.4ms)


Started GET "/pools?numPools=4&numTeams=14&numRounds=3&snake=true" for 127.0.0.1 at 2017-09-28 20:31:37 -0500
Processing by PoolsController#index as HTML
  Parameters: {"numPools"=>"4", "numTeams"=>"14", "numRounds"=>"3", "snake"=>"true"}
Completed 200 OK in 4ms (Views: 3.4ms)


Started GET "/pools?numPools=4&numTeams=14&numRounds=3&snake=true" for 127.0.0.1 at 2017-09-28 20:31:38 -0500
Processing by PoolsController#index as HTML
  Parameters: {"numPools"=>"4", "numTeams"=>"14", "numRounds"=>"3", "snake"=>"true"}
Completed 200 OK in 4ms (Views: 3.7ms)


Started GET "/pools?numPools=4&numTeams=14&numRounds=3&snake=true" for 127.0.0.1 at 2017-09-28 20:31:55 -0500
Processing by PoolsController#index as HTML
  Parameters: {"numPools"=>"4", "numTeams"=>"14", "numRounds"=>"3", "snake"=>"true"}
Completed 200 OK in 5ms (Views: 4.2ms)


Started GET "/pools?numPools=4&numTeams=14&numRounds=3&snake=true" for 127.0.0.1 at 2017-09-28 20:36:02 -0500
Processing by PoolsController#index as HTML
  Parameters: {"numPools"=>"4", "numTeams"=>"14", "numRounds"=>"3", "snake"=>"true"}
Completed 200 OK in 10ms (Views: 6.3ms)


Started GET "/pools?numPools=4&numTeams=14&numRounds=3&snake=true" for 127.0.0.1 at 2017-09-28 20:54:39 -0500
Processing by PoolsController#index as HTML
  Parameters: {"numPools"=>"4", "numTeams"=>"14", "numRounds"=>"3", "snake"=>"true"}
Completed 200 OK in 10ms (Views: 7.5ms)


Started GET "/pools?numPools=4&numTeams=14&numRounds=3&snake=true" for 127.0.0.1 at 2017-09-28 20:57:45 -0500
Processing by PoolsController#index as HTML
  Parameters: {"numPools"=>"4", "numTeams"=>"14", "numRounds"=>"3", "snake"=>"true"}
Completed 200 OK in 18ms (Views: 16.5ms)


Started GET "/pools?numPools=4&numTeams=14&numRounds=3&snake=true" for 127.0.0.1 at 2017-09-28 20:57:47 -0500
Processing by PoolsController#index as HTML
  Parameters: {"numPools"=>"4", "numTeams"=>"14", "numRounds"=>"3", "snake"=>"true"}
Completed 200 OK in 22ms (Views: 20.6ms)


Started GET "/pools?numPools=4&numTeams=14&numRounds=3&snake=true" for 127.0.0.1 at 2017-09-28 20:59:57 -0500
Processing by PoolsController#index as HTML
  Parameters: {"numPools"=>"4", "numTeams"=>"14", "numRounds"=>"3", "snake"=>"true"}
Completed 200 OK in 13ms (Views: 11.2ms)


Started GET "/pools?numPools=4&numTeams=14&numRounds=3&snake=true" for 127.0.0.1 at 2017-09-28 20:59:58 -0500
Processing by PoolsController#index as HTML
  Parameters: {"numPools"=>"4", "numTeams"=>"14", "numRounds"=>"3", "snake"=>"true"}
Completed 200 OK in 12ms (Views: 11.3ms)


Started GET "/pools?numPools=4&numTeams=14&numRounds=3&snake=true" for 127.0.0.1 at 2017-09-28 20:59:58 -0500
Processing by PoolsController#index as HTML
  Parameters: {"numPools"=>"4", "numTeams"=>"14", "numRounds"=>"3", "snake"=>"true"}
Completed 200 OK in 8ms (Views: 7.2ms)


Started GET "/pools?numPools=4&numTeams=14&numRounds=3&snake=true" for 127.0.0.1 at 2017-09-28 20:59:58 -0500
Processing by PoolsController#index as HTML
  Parameters: {"numPools"=>"4", "numTeams"=>"14", "numRounds"=>"3", "snake"=>"true"}
Completed 200 OK in 10ms (Views: 9.3ms)


Started GET "/pools?numPools=4&numTeams=14&numRounds=3&snake=true" for 127.0.0.1 at 2017-09-28 20:59:59 -0500
Processing by PoolsController#index as HTML
  Parameters: {"numPools"=>"4", "numTeams"=>"14", "numRounds"=>"3", "snake"=>"true"}
Completed 200 OK in 8ms (Views: 7.1ms)


Started GET "/pools?numPools=4&numTeams=14&numRounds=3&snake=true" for 127.0.0.1 at 2017-09-28 20:59:59 -0500
Processing by PoolsController#index as HTML
  Parameters: {"numPools"=>"4", "numTeams"=>"14", "numRounds"=>"3", "snake"=>"true"}
Completed 200 OK in 11ms (Views: 8.3ms)


Started GET "/pools?numPools=4&numTeams=14&numRounds=3&snake=true" for 127.0.0.1 at 2017-09-28 20:59:59 -0500
Processing by PoolsController#index as HTML
  Parameters: {"numPools"=>"4", "numTeams"=>"14", "numRounds"=>"3", "snake"=>"true"}
Completed 200 OK in 6ms (Views: 6.0ms)


Started GET "/pools?numPools=4&numTeams=14&numRounds=3&snake=true" for 127.0.0.1 at 2017-09-28 21:00:00 -0500
Processing by PoolsController#index as HTML
  Parameters: {"numPools"=>"4", "numTeams"=>"14", "numRounds"=>"3", "snake"=>"true"}
Completed 200 OK in 6ms (Views: 5.7ms)


Started GET "/pools?numPools=4&numTeams=14&numRounds=3&snake=true" for 127.0.0.1 at 2017-09-28 21:00:01 -0500
Processing by PoolsController#index as HTML
  Parameters: {"numPools"=>"4", "numTeams"=>"14", "numRounds"=>"3", "snake"=>"true"}
Completed 200 OK in 9ms (Views: 8.3ms)


Started GET "/pools?numPools=4&numTeams=14&numRounds=3&snake=true" for 127.0.0.1 at 2017-09-28 21:00:22 -0500
Processing by PoolsController#index as HTML
  Parameters: {"numPools"=>"4", "numTeams"=>"14", "numRounds"=>"3", "snake"=>"true"}
Completed 200 OK in 11ms (Views: 10.2ms)


Started GET "/pools?numPools=4&numTeams=14&numRounds=3&snake=true" for 127.0.0.1 at 2017-09-28 21:00:28 -0500
Processing by PoolsController#index as HTML
  Parameters: {"numPools"=>"4", "numTeams"=>"14", "numRounds"=>"3", "snake"=>"true"}
Completed 200 OK in 18ms (Views: 17.7ms)


Started GET "/pools?numPools=4&numTeams=14&numRounds=3&snake=true" for 127.0.0.1 at 2017-09-28 21:02:40 -0500
Processing by PoolsController#index as HTML
  Parameters: {"numPools"=>"4", "numTeams"=>"14", "numRounds"=>"3", "snake"=>"true"}
Completed 200 OK in 14ms (Views: 12.1ms)


Started GET "/pools?numPools=4&numTeams=14&numRounds=3&snake=true" for 127.0.0.1 at 2017-09-28 21:02:48 -0500
Processing by PoolsController#index as HTML
  Parameters: {"numPools"=>"4", "numTeams"=>"14", "numRounds"=>"3", "snake"=>"true"}
Completed 200 OK in 9ms (Views: 7.3ms)


Started GET "/pools?numPools=4&numTeams=14&numRounds=3&snake=true" for 127.0.0.1 at 2017-09-28 21:02:49 -0500
Processing by PoolsController#index as HTML
  Parameters: {"numPools"=>"4", "numTeams"=>"14", "numRounds"=>"3", "snake"=>"true"}
Completed 200 OK in 11ms (Views: 10.6ms)


Started GET "/pools?numPools=4&numTeams=14&numRounds=3&snake=true" for 127.0.0.1 at 2017-09-28 21:02:50 -0500
Processing by PoolsController#index as HTML
  Parameters: {"numPools"=>"4", "numTeams"=>"14", "numRounds"=>"3", "snake"=>"true"}
Completed 200 OK in 11ms (Views: 9.8ms)


Started GET "/pools?numPools=4&numTeams=14&numRounds=3&snake=true" for 127.0.0.1 at 2017-09-28 21:03:16 -0500
Processing by PoolsController#index as HTML
  Parameters: {"numPools"=>"4", "numTeams"=>"14", "numRounds"=>"3", "snake"=>"true"}
Completed 200 OK in 13ms (Views: 11.7ms)


Started GET "/pools?numPools=4&numTeams=14&numRounds=3&snake=true" for 127.0.0.1 at 2017-09-28 21:04:06 -0500
Processing by PoolsController#index as HTML
  Parameters: {"numPools"=>"4", "numTeams"=>"14", "numRounds"=>"3", "snake"=>"true"}
Completed 200 OK in 4ms (Views: 3.6ms)


Started GET "/pools?numPools=4&numTeams=14&numRounds=3&snake=true" for 127.0.0.1 at 2017-09-28 21:20:39 -0500
Processing by PoolsController#index as HTML
  Parameters: {"numPools"=>"4", "numTeams"=>"14", "numRounds"=>"3", "snake"=>"true"}
Completed 200 OK in 15ms (Views: 10.3ms)


Started GET "/pools?numPools=4&numTeams=14&numRounds=3&snake=true" for 127.0.0.1 at 2017-09-28 21:37:56 -0500
Processing by PoolsController#index as HTML
  Parameters: {"numPools"=>"4", "numTeams"=>"14", "numRounds"=>"3", "snake"=>"true"}
Completed 200 OK in 20ms (Views: 16.1ms)


Started GET "/pools?numPools=4&numTeams=14&numRounds=3&snake=true" for 127.0.0.1 at 2017-09-28 21:38:31 -0500
Processing by PoolsController#index as HTML
  Parameters: {"numPools"=>"4", "numTeams"=>"14", "numRounds"=>"3", "snake"=>"true"}
Completed 200 OK in 43ms (Views: 42.5ms)


Started GET "/pools?numPools=4&numTeams=14&numRounds=3&snake=true" for 127.0.0.1 at 2017-09-28 21:38:32 -0500
Processing by PoolsController#index as HTML
  Parameters: {"numPools"=>"4", "numTeams"=>"14", "numRounds"=>"3", "snake"=>"true"}
Completed 200 OK in 11ms (Views: 10.0ms)


Started GET "/pools?numPools=4&numTeams=14&numRounds=3&snake=true" for 127.0.0.1 at 2017-09-28 21:38:32 -0500
Processing by PoolsController#index as HTML
  Parameters: {"numPools"=>"4", "numTeams"=>"14", "numRounds"=>"3", "snake"=>"true"}
Completed 200 OK in 9ms (Views: 8.3ms)


Started GET "/pools?numPools=4&numTeams=14&numRounds=3&snake=true" for 127.0.0.1 at 2017-09-28 21:38:32 -0500
Processing by PoolsController#index as HTML
  Parameters: {"numPools"=>"4", "numTeams"=>"14", "numRounds"=>"3", "snake"=>"true"}
Completed 200 OK in 7ms (Views: 6.8ms)


Started GET "/pools?numPools=4&numTeams=14&numRounds=3&snake=true" for 127.0.0.1 at 2017-09-28 21:38:33 -0500
Processing by PoolsController#index as HTML
  Parameters: {"numPools"=>"4", "numTeams"=>"14", "numRounds"=>"3", "snake"=>"true"}
Completed 200 OK in 7ms (Views: 6.1ms)


Started GET "/pools?numPools=4&numTeams=14&numRounds=3&snake=true" for 127.0.0.1 at 2017-09-28 21:38:33 -0500
Processing by PoolsController#index as HTML
  Parameters: {"numPools"=>"4", "numTeams"=>"14", "numRounds"=>"3", "snake"=>"true"}
Completed 200 OK in 10ms (Views: 9.1ms)


Started GET "/pools?numPools=4&numTeams=14&numRounds=3&snake=true" for 127.0.0.1 at 2017-09-28 21:38:33 -0500
Processing by PoolsController#index as HTML
  Parameters: {"numPools"=>"4", "numTeams"=>"14", "numRounds"=>"3", "snake"=>"true"}
Completed 200 OK in 7ms (Views: 6.8ms)


Started GET "/pools?numPools=4&numTeams=14&numRounds=3&snake=true" for 127.0.0.1 at 2017-09-28 21:38:33 -0500
Processing by PoolsController#index as HTML
  Parameters: {"numPools"=>"4", "numTeams"=>"14", "numRounds"=>"3", "snake"=>"true"}
Completed 200 OK in 8ms (Views: 7.2ms)


Started GET "/pools?numPools=4&numTeams=14&numRounds=3&snake=true" for 127.0.0.1 at 2017-09-28 21:38:55 -0500
Processing by PoolsController#index as HTML
  Parameters: {"numPools"=>"4", "numTeams"=>"14", "numRounds"=>"3", "snake"=>"true"}
Completed 200 OK in 4ms (Views: 3.9ms)


Started GET "/pools?numPools=4&numTeams=14&numRounds=3&snake=true" for 127.0.0.1 at 2017-09-28 21:51:19 -0500
Processing by PoolsController#index as HTML
  Parameters: {"numPools"=>"4", "numTeams"=>"14", "numRounds"=>"3", "snake"=>"true"}
Completed 200 OK in 4ms (Views: 3.8ms)


Started GET "/pools?numPools=4&numTeams=14&numRounds=3&snake=true" for 127.0.0.1 at 2017-09-28 21:51:51 -0500
Processing by PoolsController#index as HTML
  Parameters: {"numPools"=>"4", "numTeams"=>"14", "numRounds"=>"3", "snake"=>"true"}
Completed 200 OK in 8ms (Views: 7.4ms)


Started GET "/pools?numPools=3&numTeams=14&numRounds=3&snake=true" for 127.0.0.1 at 2017-09-28 21:53:15 -0500
Processing by PoolsController#index as HTML
  Parameters: {"numPools"=>"3", "numTeams"=>"14", "numRounds"=>"3", "snake"=>"true"}
Completed 200 OK in 16ms (Views: 13.1ms)


Started GET "/pools?numPools=4&numTeams=12&numRounds=1&snake=true" for 127.0.0.1 at 2017-09-28 21:53:34 -0500
Processing by PoolsController#index as HTML
  Parameters: {"numPools"=>"4", "numTeams"=>"12", "numRounds"=>"1", "snake"=>"true"}
Completed 200 OK in 2ms (Views: 1.7ms)


Started GET "/pools?numPools=4&numTeams=14&numRounds=3&snake=true" for 127.0.0.1 at 2017-09-28 21:54:33 -0500
Processing by PoolsController#index as HTML
  Parameters: {"numPools"=>"4", "numTeams"=>"14", "numRounds"=>"3", "snake"=>"true"}
Completed 200 OK in 7ms (Views: 6.1ms)


Started GET "/pools?numPools=4&numTeams=14&numRounds=3&snake=true" for 127.0.0.1 at 2017-09-28 21:55:21 -0500
Processing by PoolsController#index as HTML
  Parameters: {"numPools"=>"4", "numTeams"=>"14", "numRounds"=>"3", "snake"=>"true"}
Completed 200 OK in 11ms (Views: 9.6ms)


Started GET "/pools?numPools=4&numTeams=14&numRounds=3&snake=true" for 127.0.0.1 at 2017-09-28 21:55:51 -0500
Processing by PoolsController#index as HTML
  Parameters: {"numPools"=>"4", "numTeams"=>"14", "numRounds"=>"3", "snake"=>"true"}
Completed 200 OK in 22ms (Views: 20.7ms)


Started GET "/pools?numPools=4&numTeams=12&numRounds=3&snake=true" for 127.0.0.1 at 2017-09-28 21:56:01 -0500
Processing by PoolsController#index as HTML
  Parameters: {"numPools"=>"4", "numTeams"=>"12", "numRounds"=>"3", "snake"=>"true"}
Completed 200 OK in 4ms (Views: 4.1ms)


Started GET "/pools?numPools=4&numTeams=12&numRounds=3&snake=false" for 127.0.0.1 at 2017-09-28 21:56:03 -0500
Processing by PoolsController#index as HTML
  Parameters: {"numPools"=>"4", "numTeams"=>"12", "numRounds"=>"3", "snake"=>"false"}
Completed 200 OK in 2ms (Views: 2.1ms)


Started GET "/pools?numPools=4&numTeams=12&numRounds=3&snake=true" for 127.0.0.1 at 2017-09-28 21:56:14 -0500
Processing by PoolsController#index as HTML
  Parameters: {"numPools"=>"4", "numTeams"=>"12", "numRounds"=>"3", "snake"=>"true"}
Completed 200 OK in 5ms (Views: 4.4ms)


Started GET "/pools?numPools=4&numTeams=12&numRounds=1&snake=true" for 127.0.0.1 at 2017-09-28 21:56:29 -0500
Processing by PoolsController#index as HTML
  Parameters: {"numPools"=>"4", "numTeams"=>"12", "numRounds"=>"1", "snake"=>"true"}
Completed 200 OK in 2ms (Views: 2.1ms)


Started GET "/pools?numPools=4&numTeams=14&numRounds=3&snake=true" for 127.0.0.1 at 2017-09-28 21:59:16 -0500
Processing by PoolsController#index as HTML
  Parameters: {"numPools"=>"4", "numTeams"=>"14", "numRounds"=>"3", "snake"=>"true"}
Completed 200 OK in 276ms (Views: 3.9ms)


